build/app/outputs/mapping/debug/mapping.txt
# compiler: R8
# compiler_version: 1.5.64
# min_api: 16
# pg_map_id: c9c80ef
com.example.chat.MainActivity -> com.example.chat.MainActivity:
    8:8:void <init>() -> <init>
    10:11:void configureFlutterEngine(io.flutter.embedding.engine.FlutterEngine) -> b
...
io.grpc.MethodDescriptor -> c.b.u0:
    java.lang.Object schemaDescriptor -> f
    boolean sampledToLocalTracing -> i
    io.grpc.MethodDescriptor$Marshaller responseMarshaller -> e
    io.grpc.MethodDescriptor$Marshaller requestMarshaller -> d
    boolean idempotent -> g
    boolean safe -> h
    java.lang.String serviceName -> c
    io.grpc.MethodDescriptor$MethodType type -> a
    java.lang.String fullMethodName -> b
    40:40:void <init>(io.grpc.MethodDescriptor$MethodType,java.lang.String,io.grpc.MethodDescriptor$Marshaller,io.grpc.MethodDescriptor$Marshaller,java.lang.Object,boolean,boolean,boolean,io.grpc.MethodDescriptor$1) -> <init>
    226:239:void <init>(io.grpc.MethodDescriptor$MethodType,java.lang.String,io.grpc.MethodDescriptor$Marshaller,io.grpc.MethodDescriptor$Marshaller,java.lang.Object,boolean,boolean,boolean) -> <init>
    256:256:java.lang.String getFullMethodName() -> a
    278:278:java.lang.Object parseResponse(java.io.InputStream) -> a
    290:290:java.io.InputStream streamRequest(java.lang.Object) -> a
    387:387:java.lang.String generateFullMethodName(java.lang.String,java.lang.String) -> a
    401:405:java.lang.String extractFullServiceName(java.lang.String) -> a
    426:426:io.grpc.MethodDescriptor$Builder newBuilder(io.grpc.MethodDescriptor$Marshaller,io.grpc.MethodDescriptor$Marshaller) -> a
    267:267:java.lang.String getServiceName() -> b
    247:247:io.grpc.MethodDescriptor$MethodType getType() -> c
    369:369:boolean isSafe() -> d
io.grpc.MethodDescriptor$1 -> c.b.u0$a:
io.grpc.MethodDescriptor$Builder -> c.b.u0$b:
    java.lang.Object schemaDescriptor -> g
    boolean idempotent -> e
    boolean safe -> f
    boolean sampledToLocalTracing -> h
    io.grpc.MethodDescriptor$Marshaller requestMarshaller -> a
    io.grpc.MethodDescriptor$Marshaller responseMarshaller -> b
    io.grpc.MethodDescriptor$MethodType type -> c
    java.lang.String fullMethodName -> d
    465:465:void <init>(io.grpc.MethodDescriptor$1) -> <init>
    476:476:void <init>() -> <init>
    485:486:io.grpc.MethodDescriptor$Builder setRequestMarshaller(io.grpc.MethodDescriptor$Marshaller) -> a
    508:509:io.grpc.MethodDescriptor$Builder setType(io.grpc.MethodDescriptor$MethodType) -> a
    519:520:io.grpc.MethodDescriptor$Builder setFullMethodName(java.lang.String) -> a
    568:569:io.grpc.MethodDescriptor$Builder setSampledToLocalTracing(boolean) -> a
    579:579:io.grpc.MethodDescriptor build() -> a
    497:498:io.grpc.MethodDescriptor$Builder setResponseMarshaller(io.grpc.MethodDescriptor$Marshaller) -> b
io.grpc.MethodDescriptor$Marshaller -> c.b.u0$c:
    java.lang.Object parse(java.io.InputStream) -> a
    java.io.InputStream stream(java.lang.Object) -> a
io.grpc.MethodDescriptor$MethodType -> c.b.u0$d:
    io.grpc.MethodDescriptor$MethodType[] $VALUES -> f
    io.grpc.MethodDescriptor$MethodType BIDI_STREAMING -> d
    io.grpc.MethodDescriptor$MethodType UNKNOWN -> e
    io.grpc.MethodDescriptor$MethodType UNARY -> a
    io.grpc.MethodDescriptor$MethodType CLIENT_STREAMING -> b
    io.grpc.MethodDescriptor$MethodType SERVER_STREAMING -> c
    86:82:void <clinit>() -> <clinit>
    82:82:void <init>(java.lang.String,int) -> <init>
    82:82:io.grpc.MethodDescriptor$MethodType valueOf(java.lang.String) -> valueOf
    82:82:io.grpc.MethodDescriptor$MethodType[] values() -> values
io.grpc.MethodDescriptor$PrototypeMarshaller -> c.b.u0$e:
io.grpc.MethodDescriptor$ReflectableMarshaller -> c.b.u0$f:
io.grpc.NameResolver -> c.b.v0:
    56:56:void <init>() -> <init>
    java.lang.String getServiceAuthority() -> a
    77:92:void start(io.grpc.NameResolver$Listener) -> a
    101:102:void start(io.grpc.NameResolver$Listener2) -> a
    123:123:void refresh() -> b
    void shutdown() -> c